D:\CLASS\565\PROJECT1\PROJECT1-RAYTRACER\PROJ1_WIN\565RAYTRACER\RELEASE (V5.5)\UTILITIES.OBJ
D:\CLASS\565\PROJECT1\PROJECT1-RAYTRACER\PROJ1_WIN\565RAYTRACER\RELEASE (V5.5)\SCENE.OBJ
D:\CLASS\565\PROJECT1\PROJECT1-RAYTRACER\PROJ1_WIN\565RAYTRACER\RELEASE (V5.5)\MAIN.OBJ
D:\CLASS\565\PROJECT1\PROJECT1-RAYTRACER\PROJ1_WIN\565RAYTRACER\RELEASE (V5.5)\IMAGE.OBJ
D:\CLASS\565\PROJECT1\PROJECT1-RAYTRACER\PROJ1_WIN\565RAYTRACER\RELEASE (V5.5)\GLSLUTILITY.OBJ
D:\CLASS\565\PROJECT1\PROJECT1-RAYTRACER\PROJ1_WIN\565RAYTRACER\RELEASE (V5.5)\VC100.PDB
D:\CLASS\565\PROJECT1\PROJECT1-RAYTRACER\PROJ1_WIN\565RAYTRACER\RELEASE (V5.5)\STB_IMAGE_WRITE.OBJ
D:\CLASS\565\PROJECT1\PROJECT1-RAYTRACER\PROJ1_WIN\565RAYTRACER\RELEASE (V5.5)\STB_IMAGE.OBJ
D:\CLASS\565\PROJECT1\PROJECT1-RAYTRACER\PROJ1_WIN\RELEASE (V5.5)\565RAYTRACER.EXE
D:\CLASS\565\PROJECT1\PROJECT1-RAYTRACER\PROJ1_WIN\565RAYTRACER\RELEASE (V5.5)\565RAYTRACER.EXE.INTERMEDIATE.MANIFEST
D:\CLASS\565\PROJECT1\PROJECT1-RAYTRACER\PROJ1_WIN\RELEASE (V5.5)\565RAYTRACER.PDB
D:\Class\565\Project1\Project1-RayTracer\PROJ1_WIN\565Raytracer\Release (v5.5)\raytraceKernel.cu.cache
D:\Class\565\Project1\Project1-RayTracer\PROJ1_WIN\565Raytracer\Release (v5.5)\glslUtility.obj
D:\Class\565\Project1\Project1-RayTracer\PROJ1_WIN\565Raytracer\Release (v5.5)\image.obj
D:\Class\565\Project1\Project1-RayTracer\PROJ1_WIN\565Raytracer\Release (v5.5)\main.obj
D:\Class\565\Project1\Project1-RayTracer\PROJ1_WIN\565Raytracer\Release (v5.5)\scene.obj
D:\Class\565\Project1\Project1-RayTracer\PROJ1_WIN\565Raytracer\Release (v5.5)\stb_image.obj
D:\Class\565\Project1\Project1-RayTracer\PROJ1_WIN\565Raytracer\Release (v5.5)\stb_image_write.obj
D:\Class\565\Project1\Project1-RayTracer\PROJ1_WIN\565Raytracer\Release (v5.5)\utilities.obj
D:\Class\565\Project1\Project1-RayTracer\PROJ1_WIN\565Raytracer\Release (v5.5)\cl.command.1.tlog
D:\Class\565\Project1\Project1-RayTracer\PROJ1_WIN\565Raytracer\Release (v5.5)\CL.read.1.tlog
D:\Class\565\Project1\Project1-RayTracer\PROJ1_WIN\565Raytracer\Release (v5.5)\CL.write.1.tlog
D:\Class\565\Project1\Project1-RayTracer\PROJ1_WIN\565Raytracer\Release (v5.5)\link.command.1.tlog
D:\Class\565\Project1\Project1-RayTracer\PROJ1_WIN\565Raytracer\Release (v5.5)\link.read.1.tlog
D:\Class\565\Project1\Project1-RayTracer\PROJ1_WIN\565Raytracer\Release (v5.5)\link.write.1.tlog
D:\Class\565\Project1\Project1-RayTracer\PROJ1_WIN\565Raytracer\Release (v5.5)\mt.command.1.tlog
D:\Class\565\Project1\Project1-RayTracer\PROJ1_WIN\565Raytracer\Release (v5.5)\mt.read.1.tlog
D:\Class\565\Project1\Project1-RayTracer\PROJ1_WIN\565Raytracer\Release (v5.5)\mt.write.1.tlog
D:\Class\565\Project1\Project1-RayTracer\PROJ1_WIN\565Raytracer\Release (v5.5)\565Raytracer.exe.intermediate.manifest
D:\Class\565\Project1\Project1-RayTracer\PROJ1_WIN\565Raytracer\Release (v5.5)\vc100.pdb
D:\Class\565\Project1\Project1-RayTracer\PROJ1_WIN\Release (v5.5)\565Raytracer.pdb
D:\Class\565\Project1\Project1-RayTracer\PROJ1_WIN\Release (v5.5)\565Raytracer.exe
