D:\CLASS\565\PROJECT1\PROJECT1-RAYTRACER\PROJ1_WIN\565RAYTRACER\DEBUG (V5.5)\GLSLUTILITY.OBJ
D:\CLASS\565\PROJECT1\PROJECT1-RAYTRACER\PROJ1_WIN\565RAYTRACER\DEBUG (V5.5)\IMAGE.OBJ
D:\CLASS\565\PROJECT1\PROJECT1-RAYTRACER\PROJ1_WIN\565RAYTRACER\DEBUG (V5.5)\MAIN.OBJ
D:\CLASS\565\PROJECT1\PROJECT1-RAYTRACER\PROJ1_WIN\565RAYTRACER\DEBUG (V5.5)\SCENE.OBJ
D:\CLASS\565\PROJECT1\PROJECT1-RAYTRACER\PROJ1_WIN\565RAYTRACER\DEBUG (V5.5)\UTILITIES.OBJ
D:\CLASS\565\PROJECT1\PROJECT1-RAYTRACER\PROJ1_WIN\565RAYTRACER\DEBUG (V5.5)\VC100.PDB
D:\CLASS\565\PROJECT1\PROJECT1-RAYTRACER\PROJ1_WIN\565RAYTRACER\DEBUG (V5.5)\STB_IMAGE.OBJ
D:\CLASS\565\PROJECT1\PROJECT1-RAYTRACER\PROJ1_WIN\565RAYTRACER\DEBUG (V5.5)\STB_IMAGE_WRITE.OBJ
D:\CLASS\565\PROJECT1\PROJECT1-RAYTRACER\PROJ1_WIN\DEBUG (V5.5)\565RAYTRACER.ILK
D:\CLASS\565\PROJECT1\PROJECT1-RAYTRACER\PROJ1_WIN\DEBUG (V5.5)\565RAYTRACER.EXE
D:\CLASS\565\PROJECT1\PROJECT1-RAYTRACER\PROJ1_WIN\565RAYTRACER\DEBUG (V5.5)\565RAYTRACER.EXE.INTERMEDIATE.MANIFEST
D:\CLASS\565\PROJECT1\PROJECT1-RAYTRACER\PROJ1_WIN\DEBUG (V5.5)\565RAYTRACER.PDB
D:\CLASS\565\PROJECT1\PROJECT1-RAYTRACER\PROJ1_WIN\565RAYTRACER\DEBUG (V5.5)\565RAYTRACER.EXE.EMBED.MANIFEST
D:\CLASS\565\PROJECT1\PROJECT1-RAYTRACER\PROJ1_WIN\565RAYTRACER\DEBUG (V5.5)\565RAYTRACER.EXE.EMBED.MANIFEST.RES
D:\Class\565\Project1\Project1-RayTracer\PROJ1_WIN\565Raytracer\Debug (v5.5)\565Raytracer.vcxprojResolveAssemblyReference.cache
D:\Class\565\Project1\Project1-RayTracer\PROJ1_WIN\565Raytracer\Debug (v5.5)\raytraceKernel.cu.cache
D:\Class\565\Project1\Project1-RayTracer\PROJ1_WIN\565Raytracer\Debug (v5.5)\glslUtility.obj
D:\Class\565\Project1\Project1-RayTracer\PROJ1_WIN\565Raytracer\Debug (v5.5)\image.obj
D:\Class\565\Project1\Project1-RayTracer\PROJ1_WIN\565Raytracer\Debug (v5.5)\main.obj
D:\Class\565\Project1\Project1-RayTracer\PROJ1_WIN\565Raytracer\Debug (v5.5)\scene.obj
D:\Class\565\Project1\Project1-RayTracer\PROJ1_WIN\565Raytracer\Debug (v5.5)\stb_image.obj
D:\Class\565\Project1\Project1-RayTracer\PROJ1_WIN\565Raytracer\Debug (v5.5)\stb_image_write.obj
D:\Class\565\Project1\Project1-RayTracer\PROJ1_WIN\565Raytracer\Debug (v5.5)\utilities.obj
D:\Class\565\Project1\Project1-RayTracer\PROJ1_WIN\565Raytracer\Debug (v5.5)\cl.command.1.tlog
D:\Class\565\Project1\Project1-RayTracer\PROJ1_WIN\565Raytracer\Debug (v5.5)\CL.read.1.tlog
D:\Class\565\Project1\Project1-RayTracer\PROJ1_WIN\565Raytracer\Debug (v5.5)\CL.write.1.tlog
D:\Class\565\Project1\Project1-RayTracer\PROJ1_WIN\565Raytracer\Debug (v5.5)\link-cvtres.read.1.tlog
D:\Class\565\Project1\Project1-RayTracer\PROJ1_WIN\565Raytracer\Debug (v5.5)\link-cvtres.write.1.tlog
D:\Class\565\Project1\Project1-RayTracer\PROJ1_WIN\565Raytracer\Debug (v5.5)\link.4660-cvtres.read.1.tlog
D:\Class\565\Project1\Project1-RayTracer\PROJ1_WIN\565Raytracer\Debug (v5.5)\link.4660-cvtres.write.1.tlog
D:\Class\565\Project1\Project1-RayTracer\PROJ1_WIN\565Raytracer\Debug (v5.5)\link.4660.read.1.tlog
D:\Class\565\Project1\Project1-RayTracer\PROJ1_WIN\565Raytracer\Debug (v5.5)\link.4660.write.1.tlog
D:\Class\565\Project1\Project1-RayTracer\PROJ1_WIN\565Raytracer\Debug (v5.5)\link.776-cvtres.read.1.tlog
D:\Class\565\Project1\Project1-RayTracer\PROJ1_WIN\565Raytracer\Debug (v5.5)\link.776-cvtres.write.1.tlog
D:\Class\565\Project1\Project1-RayTracer\PROJ1_WIN\565Raytracer\Debug (v5.5)\link.776.read.1.tlog
D:\Class\565\Project1\Project1-RayTracer\PROJ1_WIN\565Raytracer\Debug (v5.5)\link.776.write.1.tlog
D:\Class\565\Project1\Project1-RayTracer\PROJ1_WIN\565Raytracer\Debug (v5.5)\link.8200-cvtres.read.1.tlog
D:\Class\565\Project1\Project1-RayTracer\PROJ1_WIN\565Raytracer\Debug (v5.5)\link.8200-cvtres.write.1.tlog
D:\Class\565\Project1\Project1-RayTracer\PROJ1_WIN\565Raytracer\Debug (v5.5)\link.8200.read.1.tlog
D:\Class\565\Project1\Project1-RayTracer\PROJ1_WIN\565Raytracer\Debug (v5.5)\link.8200.write.1.tlog
D:\Class\565\Project1\Project1-RayTracer\PROJ1_WIN\565Raytracer\Debug (v5.5)\link.8328-cvtres.read.1.tlog
D:\Class\565\Project1\Project1-RayTracer\PROJ1_WIN\565Raytracer\Debug (v5.5)\link.8328-cvtres.write.1.tlog
D:\Class\565\Project1\Project1-RayTracer\PROJ1_WIN\565Raytracer\Debug (v5.5)\link.8328.read.1.tlog
D:\Class\565\Project1\Project1-RayTracer\PROJ1_WIN\565Raytracer\Debug (v5.5)\link.8328.write.1.tlog
D:\Class\565\Project1\Project1-RayTracer\PROJ1_WIN\565Raytracer\Debug (v5.5)\link.9640-cvtres.read.1.tlog
D:\Class\565\Project1\Project1-RayTracer\PROJ1_WIN\565Raytracer\Debug (v5.5)\link.9640-cvtres.write.1.tlog
D:\Class\565\Project1\Project1-RayTracer\PROJ1_WIN\565Raytracer\Debug (v5.5)\link.9640.read.1.tlog
D:\Class\565\Project1\Project1-RayTracer\PROJ1_WIN\565Raytracer\Debug (v5.5)\link.9640.write.1.tlog
D:\Class\565\Project1\Project1-RayTracer\PROJ1_WIN\565Raytracer\Debug (v5.5)\link.command.1.tlog
D:\Class\565\Project1\Project1-RayTracer\PROJ1_WIN\565Raytracer\Debug (v5.5)\link.read.1.tlog
D:\Class\565\Project1\Project1-RayTracer\PROJ1_WIN\565Raytracer\Debug (v5.5)\link.write.1.tlog
D:\Class\565\Project1\Project1-RayTracer\PROJ1_WIN\565Raytracer\Debug (v5.5)\mt.command.1.tlog
D:\Class\565\Project1\Project1-RayTracer\PROJ1_WIN\565Raytracer\Debug (v5.5)\mt.read.1.tlog
D:\Class\565\Project1\Project1-RayTracer\PROJ1_WIN\565Raytracer\Debug (v5.5)\mt.write.1.tlog
D:\Class\565\Project1\Project1-RayTracer\PROJ1_WIN\565Raytracer\Debug (v5.5)\rc.command.1.tlog
D:\Class\565\Project1\Project1-RayTracer\PROJ1_WIN\565Raytracer\Debug (v5.5)\rc.read.1.tlog
D:\Class\565\Project1\Project1-RayTracer\PROJ1_WIN\565Raytracer\Debug (v5.5)\rc.write.1.tlog
D:\Class\565\Project1\Project1-RayTracer\PROJ1_WIN\565Raytracer\Debug (v5.5)\565Raytracer.exe.embed.manifest
D:\Class\565\Project1\Project1-RayTracer\PROJ1_WIN\565Raytracer\Debug (v5.5)\565Raytracer.exe.intermediate.manifest
D:\Class\565\Project1\Project1-RayTracer\PROJ1_WIN\565Raytracer\Debug (v5.5)\565Raytracer.exe.embed.manifest.res
D:\Class\565\Project1\Project1-RayTracer\PROJ1_WIN\565Raytracer\Debug (v5.5)\vc100.idb
D:\Class\565\Project1\Project1-RayTracer\PROJ1_WIN\565Raytracer\Debug (v5.5)\vc100.pdb
D:\Class\565\Project1\Project1-RayTracer\PROJ1_WIN\565Raytracer\Debug (v5.5)\565Raytracer_manifest.rc
D:\Class\565\Project1\Project1-RayTracer\PROJ1_WIN\Debug (v5.5)\565Raytracer.pdb
D:\Class\565\Project1\Project1-RayTracer\PROJ1_WIN\Debug (v5.5)\565Raytracer.exe
D:\Class\565\Project1\Project1-RayTracer\PROJ1_WIN\Debug (v5.5)\565Raytracer.ilk
