D:\CLASS\565\PROJECT1\PROJECT1-RAYTRACER\PROJ1_WIN\565RAYTRACER\DEBUG\GLSLUTILITY.OBJ
D:\CLASS\565\PROJECT1\PROJECT1-RAYTRACER\PROJ1_WIN\565RAYTRACER\DEBUG\IMAGE.OBJ
D:\CLASS\565\PROJECT1\PROJECT1-RAYTRACER\PROJ1_WIN\565RAYTRACER\DEBUG\MAIN.OBJ
D:\CLASS\565\PROJECT1\PROJECT1-RAYTRACER\PROJ1_WIN\565RAYTRACER\DEBUG\SCENE.OBJ
D:\CLASS\565\PROJECT1\PROJECT1-RAYTRACER\PROJ1_WIN\565RAYTRACER\DEBUG\UTILITIES.OBJ
D:\CLASS\565\PROJECT1\PROJECT1-RAYTRACER\PROJ1_WIN\565RAYTRACER\DEBUG\VC100.PDB
D:\CLASS\565\PROJECT1\PROJECT1-RAYTRACER\PROJ1_WIN\565RAYTRACER\DEBUG\STB_IMAGE.OBJ
D:\CLASS\565\PROJECT1\PROJECT1-RAYTRACER\PROJ1_WIN\565RAYTRACER\DEBUG\STB_IMAGE_WRITE.OBJ
D:\CLASS\565\PROJECT1\PROJECT1-RAYTRACER\PROJ1_WIN\DEBUG\565RAYTRACER.ILK
D:\CLASS\565\PROJECT1\PROJECT1-RAYTRACER\PROJ1_WIN\DEBUG\565RAYTRACER.EXE
D:\CLASS\565\PROJECT1\PROJECT1-RAYTRACER\PROJ1_WIN\565RAYTRACER\DEBUG\565RAYTRACER.EXE.INTERMEDIATE.MANIFEST
D:\CLASS\565\PROJECT1\PROJECT1-RAYTRACER\PROJ1_WIN\DEBUG\565RAYTRACER.PDB
D:\CLASS\565\PROJECT1\PROJECT1-RAYTRACER\PROJ1_WIN\565RAYTRACER\DEBUG\565RAYTRACER.EXE.EMBED.MANIFEST
D:\CLASS\565\PROJECT1\PROJECT1-RAYTRACER\PROJ1_WIN\565RAYTRACER\DEBUG\565RAYTRACER.EXE.EMBED.MANIFEST.RES
D:\Class\565\Project1\Project1-RayTracer\PROJ1_WIN\565Raytracer\Debug\raytraceKernel.cu.cache
D:\Class\565\Project1\Project1-RayTracer\PROJ1_WIN\565Raytracer\Debug\glslUtility.obj
D:\Class\565\Project1\Project1-RayTracer\PROJ1_WIN\565Raytracer\Debug\image.obj
D:\Class\565\Project1\Project1-RayTracer\PROJ1_WIN\565Raytracer\Debug\main.obj
D:\Class\565\Project1\Project1-RayTracer\PROJ1_WIN\565Raytracer\Debug\scene.obj
D:\Class\565\Project1\Project1-RayTracer\PROJ1_WIN\565Raytracer\Debug\stb_image.obj
D:\Class\565\Project1\Project1-RayTracer\PROJ1_WIN\565Raytracer\Debug\stb_image_write.obj
D:\Class\565\Project1\Project1-RayTracer\PROJ1_WIN\565Raytracer\Debug\utilities.obj
D:\Class\565\Project1\Project1-RayTracer\PROJ1_WIN\565Raytracer\Debug\cl.command.1.tlog
D:\Class\565\Project1\Project1-RayTracer\PROJ1_WIN\565Raytracer\Debug\CL.read.1.tlog
D:\Class\565\Project1\Project1-RayTracer\PROJ1_WIN\565Raytracer\Debug\CL.write.1.tlog
D:\Class\565\Project1\Project1-RayTracer\PROJ1_WIN\565Raytracer\Debug\link-cvtres.read.1.tlog
D:\Class\565\Project1\Project1-RayTracer\PROJ1_WIN\565Raytracer\Debug\link-cvtres.write.1.tlog
D:\Class\565\Project1\Project1-RayTracer\PROJ1_WIN\565Raytracer\Debug\link.12856-cvtres.read.1.tlog
D:\Class\565\Project1\Project1-RayTracer\PROJ1_WIN\565Raytracer\Debug\link.12856-cvtres.write.1.tlog
D:\Class\565\Project1\Project1-RayTracer\PROJ1_WIN\565Raytracer\Debug\link.12856.read.1.tlog
D:\Class\565\Project1\Project1-RayTracer\PROJ1_WIN\565Raytracer\Debug\link.12856.write.1.tlog
D:\Class\565\Project1\Project1-RayTracer\PROJ1_WIN\565Raytracer\Debug\link.4764-cvtres.read.1.tlog
D:\Class\565\Project1\Project1-RayTracer\PROJ1_WIN\565Raytracer\Debug\link.4764-cvtres.write.1.tlog
D:\Class\565\Project1\Project1-RayTracer\PROJ1_WIN\565Raytracer\Debug\link.4764.read.1.tlog
D:\Class\565\Project1\Project1-RayTracer\PROJ1_WIN\565Raytracer\Debug\link.4764.write.1.tlog
D:\Class\565\Project1\Project1-RayTracer\PROJ1_WIN\565Raytracer\Debug\link.command.1.tlog
D:\Class\565\Project1\Project1-RayTracer\PROJ1_WIN\565Raytracer\Debug\link.read.1.tlog
D:\Class\565\Project1\Project1-RayTracer\PROJ1_WIN\565Raytracer\Debug\link.write.1.tlog
D:\Class\565\Project1\Project1-RayTracer\PROJ1_WIN\565Raytracer\Debug\mt.command.1.tlog
D:\Class\565\Project1\Project1-RayTracer\PROJ1_WIN\565Raytracer\Debug\mt.read.1.tlog
D:\Class\565\Project1\Project1-RayTracer\PROJ1_WIN\565Raytracer\Debug\mt.write.1.tlog
D:\Class\565\Project1\Project1-RayTracer\PROJ1_WIN\565Raytracer\Debug\rc.command.1.tlog
D:\Class\565\Project1\Project1-RayTracer\PROJ1_WIN\565Raytracer\Debug\rc.read.1.tlog
D:\Class\565\Project1\Project1-RayTracer\PROJ1_WIN\565Raytracer\Debug\rc.write.1.tlog
D:\Class\565\Project1\Project1-RayTracer\PROJ1_WIN\565Raytracer\Debug\565Raytracer.exe.embed.manifest
D:\Class\565\Project1\Project1-RayTracer\PROJ1_WIN\565Raytracer\Debug\565Raytracer.exe.intermediate.manifest
D:\Class\565\Project1\Project1-RayTracer\PROJ1_WIN\565Raytracer\Debug\565Raytracer.exe.embed.manifest.res
D:\Class\565\Project1\Project1-RayTracer\PROJ1_WIN\565Raytracer\Debug\vc100.idb
D:\Class\565\Project1\Project1-RayTracer\PROJ1_WIN\565Raytracer\Debug\vc100.pdb
D:\Class\565\Project1\Project1-RayTracer\PROJ1_WIN\565Raytracer\Debug\565Raytracer_manifest.rc
D:\Class\565\Project1\Project1-RayTracer\PROJ1_WIN\Debug\565Raytracer.pdb
D:\Class\565\Project1\Project1-RayTracer\PROJ1_WIN\Debug\565Raytracer.exe
D:\Class\565\Project1\Project1-RayTracer\PROJ1_WIN\Debug\565Raytracer.ilk
